生成启动时间为 2020/2/19 星期三 21:26:31。
     1>项目“C:\Users\Fozor\Desktop\GCC\剑指offer\剑指offer\剑指offer\剑指offer.vcxproj”在节点 2 上(Build 个目标)。
     1>ClCompile:
         D:\VS2013\VC\bin\CL.exe /c /ZI /nologo /W3 /WX- /sdl /Od /Oy- /D _UNICODE /D UNICODE /Gm /EHsc /RTC1 /MDd /GS /fp:precise /Zc:wchar_t /Zc:forScope /Fo"Debug\\" /Fd"Debug\vc120.pdb" /Gd /TP /analyze- /errorReport:prompt "数组中只出现一次的两个数字.cpp"
         数组中只出现一次的两个数字.cpp
       Link:
         D:\VS2013\VC\bin\link.exe /ERRORREPORT:PROMPT /OUT:"C:\Users\Fozor\Desktop\GCC\剑指offer\剑指offer\Debug\剑指offer.exe" /INCREMENTAL /NOLOGO kernel32.lib user32.lib gdi32.lib winspool.lib comdlg32.lib advapi32.lib shell32.lib ole32.lib oleaut32.lib uuid.lib odbc32.lib odbccp32.lib /MANIFEST /MANIFESTUAC:"level='asInvoker' uiAccess='false'" /manifest:embed /DEBUG /PDB:"C:\Users\Fozor\Desktop\GCC\剑指offer\剑指offer\Debug\剑指offer.pdb" /TLBID:1 /DYNAMICBASE /NXCOMPAT /IMPLIB:"C:\Users\Fozor\Desktop\GCC\剑指offer\剑指offer\Debug\剑指offer.lib" /MACHINE:X86 "Debug\二维数组中的查找.obj"
         "Debug\反转单词顺序列.obj"
         "Debug\字符串的排列.obj"
         "Debug\字符串转数字.obj"
         "Debug\左旋字符串.obj"
         "Debug\归并排序（内).obj"
         "Debug\归并排序（外）.obj"
         "Debug\把数组排成最小的数.obj"
         "Debug\数字在数组中出现的次数.obj"
         "Debug\数组中只出现一次的两个数字.obj"
         "Debug\数组中次数超过一半的数字.obj"
         "Debug\数组中的逆序对.obj"
         "Debug\数组中重复的数字.obj"
         "Debug\旋转数组的最小数字.obj"
         "Debug\替换空格.obj"
         "Debug\第一个只出现一次的字符位置.obj"
         "Debug\表示数值的字符串.obj"
         "Debug\调整数组顺序使奇数在前 偶数在后.obj"
         "Debug\连续子数组的最大和.obj"
         剑指offer.vcxproj -> C:\Users\Fozor\Desktop\GCC\剑指offer\剑指offer\Debug\剑指offer.exe
     1>已完成生成项目“C:\Users\Fozor\Desktop\GCC\剑指offer\剑指offer\剑指offer\剑指offer.vcxproj”(Build 个目标)的操作。

生成成功。

已用时间 00:00:00.86
